<?xml version="1.0" encoding="UTF-8"?>
<!-- Generated by org.testng.reporters.JUnitReportReporter -->
<testsuite skipped="0" hostname="Basu-PC" name="androidDrive.WhatsApp_advanced1" tests="1" failures="0" timestamp="15 Aug 2017 15:47:51 GMT" time="22.755" errors="0">
  <testcase name="f" time="22.755" classname="androidDrive.WhatsApp_advanced1"/>
</testsuite> <!-- androidDrive.WhatsApp_advanced1 -->
