<?xml version="1.0" encoding="UTF-8"?>
<!-- Generated by org.testng.reporters.JUnitReportReporter -->
<testsuite skipped="0" hostname="Basu-PC" name="androidDrive.startChrome" tests="1" failures="0" timestamp="01 Mar 2019 19:44:11 GMT" time="21.881" errors="0">
  <testcase name="testchrome" time="21.881" classname="androidDrive.startChrome"/>
</testsuite> <!-- androidDrive.startChrome -->
