<?xml version="1.0" encoding="UTF-8"?>
<!-- Generated by org.testng.reporters.JUnitReportReporter -->
<testsuite skipped="0" hostname="Basu-PC" name="Spice_testNG.AjaxControl" tests="1" failures="0" timestamp="09 Apr 2017 08:06:00 GMT" time="2.603" errors="0">
  <testcase name="f" time="2.603" classname="Spice_testNG.AjaxControl"/>
</testsuite> <!-- Spice_testNG.AjaxControl -->
